AnylineSDK-Examples/AnylineSDK-Examples-Source/app/build/intermediates/manifest_merge_blame_file/debug/manifest-merger-blame-debug-report.txt
1<?xml version="1.0" encoding="utf-8"?>
2<manifest xmlns:android="http://schemas.android.com/apk/res/android"
3    package="io.anyline.examples"
4    android:versionCode="322"
5    android:versionName="23" >
6
7    <uses-sdk
8        android:minSdkVersion="21"
8-->src/main/AndroidManifest.xml
9        android:targetSdkVersion="29" />
9-->src/main/AndroidManifest.xml
10
11    <uses-permission android:name="android.permission.CAMERA" />
11-->src/main/AndroidManifest.xml:6:5-65
11-->src/main/AndroidManifest.xml:6:22-62
12    <uses-permission android:name="android.permission.VIBRATE" />
12-->src/main/AndroidManifest.xml:7:5-66
12-->src/main/AndroidManifest.xml:7:22-63
13    <uses-permission android:name="android.permission.INTERNET" />
13-->src/main/AndroidManifest.xml:8:5-67
13-->src/main/AndroidManifest.xml:8:22-64
14    <uses-permission android:name="android.permission.NFC" />
14-->src/main/AndroidManifest.xml:9:5-62
14-->src/main/AndroidManifest.xml:9:22-59
15    <uses-permission android:name="android.permission.WAKE_LOCK" />
15-->src/main/AndroidManifest.xml:10:5-68
15-->src/main/AndroidManifest.xml:10:22-65
16    <uses-permission android:name="android.permission.READ_EXTERNAL_STORAGE" />
16-->src/main/AndroidManifest.xml:11:5-80
16-->src/main/AndroidManifest.xml:11:22-77
17    <uses-permission android:name="android.permission.WRITE_INTERNAL_STORAGE" />
17-->src/main/AndroidManifest.xml:12:5-81
17-->src/main/AndroidManifest.xml:12:22-78
18    <uses-permission android:name="android.permission.SET_DEBUG_APP" />
18-->src/main/AndroidManifest.xml:13:5-72
18-->src/main/AndroidManifest.xml:13:22-69
19    <uses-permission android:name="android.permission.MANAGE_DOCUMENTS" />
19-->src/main/AndroidManifest.xml:14:5-75
19-->src/main/AndroidManifest.xml:14:22-72
20
21    <uses-feature
21-->src/main/AndroidManifest.xml:16:5-18:36
22        android:name="android.hardware.nfc"
22-->src/main/AndroidManifest.xml:17:9-44
23        android:required="false" />
23-->src/main/AndroidManifest.xml:18:9-33
24
25    <uses-permission android:name="android.permission.ACCESS_NETWORK_STATE" /> <!-- Required by older versions of Google Play services to create IID tokens -->
25-->[com.google.android.gms:play-services-measurement-api:17.5.0] AndroidManifest.xml:23:5-79
25-->[com.google.android.gms:play-services-measurement-api:17.5.0] AndroidManifest.xml:23:22-76
26    <uses-permission android:name="com.google.android.c2dm.permission.RECEIVE" />
26-->[com.google.firebase:firebase-iid:20.1.5] AndroidManifest.xml:26:5-82
26-->[com.google.firebase:firebase-iid:20.1.5] AndroidManifest.xml:26:22-79
27    <uses-permission android:name="com.google.android.finsky.permission.BIND_GET_INSTALL_REFERRER_SERVICE" />
27-->[com.google.android.gms:play-services-measurement:17.5.0] AndroidManifest.xml:26:5-110
27-->[com.google.android.gms:play-services-measurement:17.5.0] AndroidManifest.xml:26:22-107
28
29    <application
29-->src/main/AndroidManifest.xml:20:5-365:19
30        android:allowBackup="false"
30-->src/main/AndroidManifest.xml:21:9-36
31        android:appComponentFactory="androidx.core.app.CoreComponentFactory"
31-->[androidx.core:core:1.3.1] AndroidManifest.xml:24:18-86
32        android:debuggable="true"
33        android:icon="@mipmap/ic_launcher"
33-->src/main/AndroidManifest.xml:22:9-43
34        android:label="@string/app_name"
34-->src/main/AndroidManifest.xml:23:9-41
35        android:largeHeap="true"
35-->src/main/AndroidManifest.xml:24:9-33
36        android:testOnly="true"
37        android:theme="@style/AppTheme" >
37-->src/main/AndroidManifest.xml:25:9-40
38        <activity
38-->src/main/AndroidManifest.xml:28:9-32:20
39            android:name="io.anyline.examples.ocr.SerialNumberSettingsMenuActivity"
39-->src/main/AndroidManifest.xml:29:13-65
40            android:label="@string/title_activity_serial_number_settings"
40-->src/main/AndroidManifest.xml:30:13-74
41            android:screenOrientation="portrait" >
41-->src/main/AndroidManifest.xml:31:13-49
42        </activity>
43        <activity
43-->src/main/AndroidManifest.xml:33:9-37:20
44            android:name="io.anyline.examples.ocr.SerialNumberSettingsScanAreaActivity"
44-->src/main/AndroidManifest.xml:34:13-69
45            android:label="@string/title_activity_serial_number_settings"
45-->src/main/AndroidManifest.xml:35:13-74
46            android:screenOrientation="portrait" >
46-->src/main/AndroidManifest.xml:36:13-49
47        </activity>
48        <activity
48-->src/main/AndroidManifest.xml:38:9-42:20
49            android:name="io.anyline.examples.ocr.SerialNumberSettingsBasicActivity"
49-->src/main/AndroidManifest.xml:39:13-66
50            android:label="@string/title_activity_serial_number_settings"
50-->src/main/AndroidManifest.xml:40:13-74
51            android:screenOrientation="portrait" >
51-->src/main/AndroidManifest.xml:41:13-49
52        </activity>
53        <activity
53-->src/main/AndroidManifest.xml:43:9-47:20
54            android:name="io.anyline.examples.ocr.SerialNumberSettingsAdvancedActivity"
54-->src/main/AndroidManifest.xml:44:13-69
55            android:label="@string/title_activity_serial_number_settings"
55-->src/main/AndroidManifest.xml:45:13-74
56            android:screenOrientation="portrait" >
56-->src/main/AndroidManifest.xml:46:13-49
57        </activity>
58        <activity
58-->src/main/AndroidManifest.xml:48:9-57:20
59            android:name="io.anyline.examples.MainActivity"
59-->src/main/AndroidManifest.xml:49:13-41
60            android:label="@string/app_name"
60-->src/main/AndroidManifest.xml:50:13-45
61            android:screenOrientation="portrait" >
61-->src/main/AndroidManifest.xml:51:13-49
62            <intent-filter>
62-->src/main/AndroidManifest.xml:52:13-56:29
63                <action android:name="android.intent.action.MAIN" />
63-->src/main/AndroidManifest.xml:53:17-69
63-->src/main/AndroidManifest.xml:53:25-66
64
65                <category android:name="android.intent.category.LAUNCHER" />
65-->src/main/AndroidManifest.xml:55:17-77
65-->src/main/AndroidManifest.xml:55:27-74
66            </intent-filter>
67        </activity>
68        <activity
68-->src/main/AndroidManifest.xml:58:9-60:52
69            android:name="io.anyline.examples.meterreadingprocesses.activities.ResultActivity"
69-->src/main/AndroidManifest.xml:59:13-76
70            android:screenOrientation="portrait" />
70-->src/main/AndroidManifest.xml:60:13-49
71        <activity
71-->src/main/AndroidManifest.xml:61:9-63:52
72            android:name="io.anyline.examples.meterreadingprocesses.activities.WorkOrdersActivity"
72-->src/main/AndroidManifest.xml:62:13-80
73            android:screenOrientation="portrait" />
73-->src/main/AndroidManifest.xml:63:13-49
74        <activity
74-->src/main/AndroidManifest.xml:64:9-66:52
75            android:name="io.anyline.examples.meterreadingprocesses.activities.SelfReadingScannerActivity"
75-->src/main/AndroidManifest.xml:65:13-88
76            android:screenOrientation="portrait" />
76-->src/main/AndroidManifest.xml:66:13-49
77        <activity
77-->src/main/AndroidManifest.xml:67:9-69:52
78            android:name="io.anyline.examples.meterreadingprocesses.activities.CustomerActivity"
78-->src/main/AndroidManifest.xml:68:13-78
79            android:screenOrientation="portrait" />
79-->src/main/AndroidManifest.xml:69:13-49
80        <activity
80-->src/main/AndroidManifest.xml:70:9-72:52
81            android:name="io.anyline.examples.meterreadingprocesses.activities.CustomerIdentifyScannerActivity"
81-->src/main/AndroidManifest.xml:71:13-93
82            android:screenOrientation="portrait" />
82-->src/main/AndroidManifest.xml:72:13-49
83        <activity
83-->src/main/AndroidManifest.xml:73:9-81:20
84            android:name="io.anyline.examples.meter.ScanDigitalEnergyMeterActivity"
84-->src/main/AndroidManifest.xml:74:13-65
85            android:label="@string/title_digital_meter"
85-->src/main/AndroidManifest.xml:75:13-56
86            android:parentActivityName="io.anyline.examples.MainActivity"
86-->src/main/AndroidManifest.xml:76:13-55
87            android:screenOrientation="portrait" >
87-->src/main/AndroidManifest.xml:77:13-49
88            <meta-data
88-->src/main/AndroidManifest.xml:78:13-80:68
89                android:name="android.support.PARENT_ACTIVITY"
89-->src/main/AndroidManifest.xml:79:17-63
90                android:value="io.anyline.examples.MainActivity" />
90-->src/main/AndroidManifest.xml:80:17-65
91        </activity>
92        <activity
92-->src/main/AndroidManifest.xml:82:9-90:20
93            android:name="io.anyline.examples.meter.ScanAutoAnalogDigitalMeterActivity"
93-->src/main/AndroidManifest.xml:83:13-69
94            android:label="@string/title_auto_analog_digital_meter"
94-->src/main/AndroidManifest.xml:84:13-68
95            android:parentActivityName="io.anyline.examples.MainActivity"
95-->src/main/AndroidManifest.xml:85:13-55
96            android:screenOrientation="portrait" >
96-->src/main/AndroidManifest.xml:86:13-49
97            <meta-data
97-->src/main/AndroidManifest.xml:78:13-80:68
98                android:name="android.support.PARENT_ACTIVITY"
98-->src/main/AndroidManifest.xml:79:17-63
99                android:value="io.anyline.examples.MainActivity" />
99-->src/main/AndroidManifest.xml:80:17-65
100        </activity>
101        <activity
101-->src/main/AndroidManifest.xml:91:9-99:20
102            android:name="io.anyline.examples.meter.ScanDialMeterActivity"
102-->src/main/AndroidManifest.xml:92:13-56
103            android:label="@string/title_dial_meter"
103-->src/main/AndroidManifest.xml:93:13-53
104            android:parentActivityName="io.anyline.examples.MainActivity"
104-->src/main/AndroidManifest.xml:94:13-55
105            android:screenOrientation="portrait" >
105-->src/main/AndroidManifest.xml:95:13-49
106            <meta-data
106-->src/main/AndroidManifest.xml:78:13-80:68
107                android:name="android.support.PARENT_ACTIVITY"
107-->src/main/AndroidManifest.xml:79:17-63
108                android:value="io.anyline.examples.MainActivity" />
108-->src/main/AndroidManifest.xml:80:17-65
109        </activity>
110        <activity
110-->src/main/AndroidManifest.xml:100:9-108:20
111            android:name="io.anyline.examples.meter.ScanEnergySerialNumberActivity"
111-->src/main/AndroidManifest.xml:101:13-65
112            android:label="@string/title_serial_number_energy"
112-->src/main/AndroidManifest.xml:102:13-63
113            android:parentActivityName="io.anyline.examples.MainActivity"
113-->src/main/AndroidManifest.xml:103:13-55
114            android:screenOrientation="portrait" >
114-->src/main/AndroidManifest.xml:104:13-49
115            <meta-data
115-->src/main/AndroidManifest.xml:78:13-80:68
116                android:name="android.support.PARENT_ACTIVITY"
116-->src/main/AndroidManifest.xml:79:17-63
117                android:value="io.anyline.examples.MainActivity" />
117-->src/main/AndroidManifest.xml:80:17-65
118        </activity>
119        <activity
119-->src/main/AndroidManifest.xml:109:9-117:20
120            android:name="io.anyline.examples.ocr.ScanSerialNumberActivity"
120-->src/main/AndroidManifest.xml:110:13-57
121            android:label="@string/title_serial_number"
121-->src/main/AndroidManifest.xml:111:13-56
122            android:parentActivityName="io.anyline.examples.MainActivity"
122-->src/main/AndroidManifest.xml:112:13-55
123            android:screenOrientation="portrait" >
123-->src/main/AndroidManifest.xml:113:13-49
124            <meta-data
124-->src/main/AndroidManifest.xml:78:13-80:68
125                android:name="android.support.PARENT_ACTIVITY"
125-->src/main/AndroidManifest.xml:79:17-63
126                android:value="io.anyline.examples.MainActivity" />
126-->src/main/AndroidManifest.xml:80:17-65
127        </activity>
128        <activity
128-->src/main/AndroidManifest.xml:118:9-126:20
129            android:name="io.anyline.examples.ocr.ScanShippingContainerActivity"
129-->src/main/AndroidManifest.xml:119:13-62
130            android:label="@string/title_shipping_container"
130-->src/main/AndroidManifest.xml:120:13-61
131            android:parentActivityName="io.anyline.examples.MainActivity"
131-->src/main/AndroidManifest.xml:121:13-55
132            android:screenOrientation="portrait" >
132-->src/main/AndroidManifest.xml:122:13-49
133            <meta-data
133-->src/main/AndroidManifest.xml:78:13-80:68
134                android:name="android.support.PARENT_ACTIVITY"
134-->src/main/AndroidManifest.xml:79:17-63
135                android:value="io.anyline.examples.MainActivity" />
135-->src/main/AndroidManifest.xml:80:17-65
136        </activity>
137        <activity
137-->src/main/AndroidManifest.xml:127:9-135:20
138            android:name="io.anyline.examples.ocr.ScanVerticalShippingContainerActivity"
138-->src/main/AndroidManifest.xml:128:13-70
139            android:label="@string/title_shipping_container"
139-->src/main/AndroidManifest.xml:129:13-61
140            android:parentActivityName="io.anyline.examples.MainActivity"
140-->src/main/AndroidManifest.xml:130:13-55
141            android:screenOrientation="portrait" >
141-->src/main/AndroidManifest.xml:131:13-49
142            <meta-data
142-->src/main/AndroidManifest.xml:78:13-80:68
143                android:name="android.support.PARENT_ACTIVITY"
143-->src/main/AndroidManifest.xml:79:17-63
144                android:value="io.anyline.examples.MainActivity" />
144-->src/main/AndroidManifest.xml:80:17-65
145        </activity>
146        <activity
146-->src/main/AndroidManifest.xml:136:9-144:20
147            android:name="io.anyline.examples.id.ScanMrzActivity"
147-->src/main/AndroidManifest.xml:137:13-47
148            android:label="@string/title_mrz"
148-->src/main/AndroidManifest.xml:138:13-46
149            android:parentActivityName="io.anyline.examples.MainActivity"
149-->src/main/AndroidManifest.xml:139:13-55
150            android:screenOrientation="portrait" >
150-->src/main/AndroidManifest.xml:140:13-49
151            <meta-data
151-->src/main/AndroidManifest.xml:78:13-80:68
152                android:name="android.support.PARENT_ACTIVITY"
152-->src/main/AndroidManifest.xml:79:17-63
153                android:value="io.anyline.examples.MainActivity" />
153-->src/main/AndroidManifest.xml:80:17-65
154        </activity>
155        <activity
155-->src/main/AndroidManifest.xml:145:9-153:20
156            android:name="io.anyline.examples.barcode.ScanBarcodeActivity"
156-->src/main/AndroidManifest.xml:146:13-56
157            android:label="@string/title_barcode"
157-->src/main/AndroidManifest.xml:147:13-50
158            android:parentActivityName="io.anyline.examples.MainActivity"
158-->src/main/AndroidManifest.xml:148:13-55
159            android:screenOrientation="portrait" >
159-->src/main/AndroidManifest.xml:149:13-49
160            <meta-data
160-->src/main/AndroidManifest.xml:78:13-80:68
161                android:name="android.support.PARENT_ACTIVITY"
161-->src/main/AndroidManifest.xml:79:17-63
162                android:value="io.anyline.examples.MainActivity" />
162-->src/main/AndroidManifest.xml:80:17-65
163        </activity>
164        <activity
164-->src/main/AndroidManifest.xml:154:9-162:20
165            android:name="io.anyline.examples.id.ScanBarcodePDF417Activity"
165-->src/main/AndroidManifest.xml:155:13-57
166            android:label="@string/pdf_417"
166-->src/main/AndroidManifest.xml:156:13-44
167            android:parentActivityName="io.anyline.examples.MainActivity"
167-->src/main/AndroidManifest.xml:157:13-55
168            android:screenOrientation="portrait" >
168-->src/main/AndroidManifest.xml:158:13-49
169            <meta-data
169-->src/main/AndroidManifest.xml:78:13-80:68
170                android:name="android.support.PARENT_ACTIVITY"
170-->src/main/AndroidManifest.xml:79:17-63
171                android:value="io.anyline.examples.MainActivity" />
171-->src/main/AndroidManifest.xml:80:17-65
172        </activity>
173        <activity
173-->src/main/AndroidManifest.xml:163:9-167:61
174            android:name="io.anyline.examples.document.ScanDocumentActivity"
174-->src/main/AndroidManifest.xml:164:13-58
175            android:label="@string/title_document"
175-->src/main/AndroidManifest.xml:165:13-51
176            android:parentActivityName="io.anyline.examples.MainActivity"
176-->src/main/AndroidManifest.xml:166:13-55
177            android:screenOrientation="portrait" />
177-->src/main/AndroidManifest.xml:167:13-49
178        <activity
178-->src/main/AndroidManifest.xml:168:9-171:61
179            android:name="io.anyline.examples.document.DocScanUIMainActivity"
179-->src/main/AndroidManifest.xml:169:13-59
180            android:label="@string/title_document"
180-->src/main/AndroidManifest.xml:170:13-51
181            android:screenOrientation="portrait" />
181-->src/main/AndroidManifest.xml:171:13-49
182        <activity
182-->src/main/AndroidManifest.xml:172:9-175:61
183            android:name="io.anyline.examples.document.DocumentScanViewUIActivity"
183-->src/main/AndroidManifest.xml:173:13-64
184            android:label="@string/title_document"
184-->src/main/AndroidManifest.xml:174:13-51
185            android:screenOrientation="portrait" />
185-->src/main/AndroidManifest.xml:175:13-49
186        <activity
186-->src/main/AndroidManifest.xml:176:9-179:61
187            android:name="io.anyline.examples.document.CropViewUIActivity"
187-->src/main/AndroidManifest.xml:177:13-56
188            android:label="@string/title_document"
188-->src/main/AndroidManifest.xml:178:13-51
189            android:screenOrientation="portrait" />
189-->src/main/AndroidManifest.xml:179:13-49
190        <activity
190-->src/main/AndroidManifest.xml:180:9-188:20
191            android:name="io.anyline.examples.ocr.ScanScrabbleActivity"
191-->src/main/AndroidManifest.xml:181:13-53
192            android:label="@string/title_scrabble"
192-->src/main/AndroidManifest.xml:182:13-51
193            android:parentActivityName="io.anyline.examples.MainActivity"
193-->src/main/AndroidManifest.xml:183:13-55
194            android:screenOrientation="portrait" >
194-->src/main/AndroidManifest.xml:184:13-49
195            <meta-data
195-->src/main/AndroidManifest.xml:78:13-80:68
196                android:name="android.support.PARENT_ACTIVITY"
196-->src/main/AndroidManifest.xml:79:17-63
197                android:value="io.anyline.examples.MainActivity" />
197-->src/main/AndroidManifest.xml:80:17-65
198        </activity>
199        <activity
199-->src/main/AndroidManifest.xml:189:9-197:20
200            android:name="io.anyline.examples.licenseplate.ScanLicensePlateActivity"
200-->src/main/AndroidManifest.xml:190:13-66
201            android:label="@string/title_license_plate"
201-->src/main/AndroidManifest.xml:191:13-56
202            android:parentActivityName="io.anyline.examples.MainActivity"
202-->src/main/AndroidManifest.xml:192:13-55
203            android:screenOrientation="portrait" >
203-->src/main/AndroidManifest.xml:193:13-49
204            <meta-data
204-->src/main/AndroidManifest.xml:78:13-80:68
205                android:name="android.support.PARENT_ACTIVITY"
205-->src/main/AndroidManifest.xml:79:17-63
206                android:value="io.anyline.examples.MainActivity" />
206-->src/main/AndroidManifest.xml:80:17-65
207        </activity>
208        <activity
208-->src/main/AndroidManifest.xml:198:9-206:20
209            android:name="io.anyline.examples.ocr.ScanBottlecapActivity"
209-->src/main/AndroidManifest.xml:199:13-54
210            android:label="@string/title_bottlecap"
210-->src/main/AndroidManifest.xml:200:13-52
211            android:parentActivityName="io.anyline.examples.MainActivity"
211-->src/main/AndroidManifest.xml:201:13-55
212            android:screenOrientation="portrait" >
212-->src/main/AndroidManifest.xml:202:13-49
213            <meta-data
213-->src/main/AndroidManifest.xml:78:13-80:68
214                android:name="android.support.PARENT_ACTIVITY"
214-->src/main/AndroidManifest.xml:79:17-63
215                android:value="io.anyline.examples.MainActivity" />
215-->src/main/AndroidManifest.xml:80:17-65
216        </activity>
217        <activity
217-->src/main/AndroidManifest.xml:207:9-215:20
218            android:name="io.anyline.examples.ocr.ScanRedBullCodeActivity"
218-->src/main/AndroidManifest.xml:208:13-56
219            android:label="@string/title_redbull"
219-->src/main/AndroidManifest.xml:209:13-50
220            android:parentActivityName="io.anyline.examples.MainActivity"
220-->src/main/AndroidManifest.xml:210:13-55
221            android:screenOrientation="portrait" >
221-->src/main/AndroidManifest.xml:211:13-49
222            <meta-data
222-->src/main/AndroidManifest.xml:78:13-80:68
223                android:name="android.support.PARENT_ACTIVITY"
223-->src/main/AndroidManifest.xml:79:17-63
224                android:value="io.anyline.examples.MainActivity" />
224-->src/main/AndroidManifest.xml:80:17-65
225        </activity>
226        <activity
226-->src/main/AndroidManifest.xml:216:9-224:20
227            android:name="io.anyline.examples.ocr.ScanIsbnActivity"
227-->src/main/AndroidManifest.xml:217:13-49
228            android:label="@string/title_isbn"
228-->src/main/AndroidManifest.xml:218:13-47
229            android:parentActivityName="io.anyline.examples.MainActivity"
229-->src/main/AndroidManifest.xml:219:13-55
230            android:screenOrientation="portrait" >
230-->src/main/AndroidManifest.xml:220:13-49
231            <meta-data
231-->src/main/AndroidManifest.xml:78:13-80:68
232                android:name="android.support.PARENT_ACTIVITY"
232-->src/main/AndroidManifest.xml:79:17-63
233                android:value="io.anyline.examples.MainActivity" />
233-->src/main/AndroidManifest.xml:80:17-65
234        </activity>
235        <activity
235-->src/main/AndroidManifest.xml:225:9-233:20
236            android:name="io.anyline.examples.ocr.ScanRecordActivity"
236-->src/main/AndroidManifest.xml:226:13-51
237            android:label="@string/title_record"
237-->src/main/AndroidManifest.xml:227:13-49
238            android:parentActivityName="io.anyline.examples.MainActivity"
238-->src/main/AndroidManifest.xml:228:13-55
239            android:screenOrientation="portrait" >
239-->src/main/AndroidManifest.xml:229:13-49
240            <meta-data
240-->src/main/AndroidManifest.xml:78:13-80:68
241                android:name="android.support.PARENT_ACTIVITY"
241-->src/main/AndroidManifest.xml:79:17-63
242                android:value="io.anyline.examples.MainActivity" />
242-->src/main/AndroidManifest.xml:80:17-65
243        </activity>
244        <activity
244-->src/main/AndroidManifest.xml:234:9-242:20
245            android:name="io.anyline.examples.ocr.ScanVoucherCodeActivity"
245-->src/main/AndroidManifest.xml:235:13-56
246            android:label="@string/title_voucher"
246-->src/main/AndroidManifest.xml:236:13-50
247            android:parentActivityName="io.anyline.examples.MainActivity"
247-->src/main/AndroidManifest.xml:237:13-55
248            android:screenOrientation="portrait" >
248-->src/main/AndroidManifest.xml:238:13-49
249            <meta-data
249-->src/main/AndroidManifest.xml:78:13-80:68
250                android:name="android.support.PARENT_ACTIVITY"
250-->src/main/AndroidManifest.xml:79:17-63
251                android:value="io.anyline.examples.MainActivity" />
251-->src/main/AndroidManifest.xml:80:17-65
252        </activity>
253        <activity
253-->src/main/AndroidManifest.xml:243:9-251:20
254            android:name="io.anyline.examples.ocr.ScanIbanActivity"
254-->src/main/AndroidManifest.xml:244:13-49
255            android:label="@string/title_iban"
255-->src/main/AndroidManifest.xml:245:13-47
256            android:parentActivityName="io.anyline.examples.MainActivity"
256-->src/main/AndroidManifest.xml:246:13-55
257            android:screenOrientation="portrait" >
257-->src/main/AndroidManifest.xml:247:13-49
258            <meta-data
258-->src/main/AndroidManifest.xml:78:13-80:68
259                android:name="android.support.PARENT_ACTIVITY"
259-->src/main/AndroidManifest.xml:79:17-63
260                android:value="io.anyline.examples.MainActivity" />
260-->src/main/AndroidManifest.xml:80:17-65
261        </activity>
262        <activity
262-->src/main/AndroidManifest.xml:252:9-260:20
263            android:name="io.anyline.examples.id.ScanDrivingLicenseActivity"
263-->src/main/AndroidManifest.xml:253:13-58
264            android:label="@string/title_driving_license"
264-->src/main/AndroidManifest.xml:254:13-58
265            android:parentActivityName="io.anyline.examples.MainActivity"
265-->src/main/AndroidManifest.xml:255:13-55
266            android:screenOrientation="portrait" >
266-->src/main/AndroidManifest.xml:256:13-49
267            <meta-data
267-->src/main/AndroidManifest.xml:78:13-80:68
268                android:name="android.support.PARENT_ACTIVITY"
268-->src/main/AndroidManifest.xml:79:17-63
269                android:value="io.anyline.examples.MainActivity" />
269-->src/main/AndroidManifest.xml:80:17-65
270        </activity>
271        <activity
271-->src/main/AndroidManifest.xml:261:9-269:20
272            android:name="io.anyline.examples.id.ScanGermanIdFrontActivity"
272-->src/main/AndroidManifest.xml:262:13-57
273            android:label="@string/title_german_id_front"
273-->src/main/AndroidManifest.xml:263:13-58
274            android:parentActivityName="io.anyline.examples.MainActivity"
274-->src/main/AndroidManifest.xml:264:13-55
275            android:screenOrientation="portrait" >
275-->src/main/AndroidManifest.xml:265:13-49
276            <meta-data
276-->src/main/AndroidManifest.xml:78:13-80:68
277                android:name="android.support.PARENT_ACTIVITY"
277-->src/main/AndroidManifest.xml:79:17-63
278                android:value="io.anyline.examples.MainActivity" />
278-->src/main/AndroidManifest.xml:80:17-65
279        </activity>
280        <activity
280-->src/main/AndroidManifest.xml:270:9-277:20
281            android:name="io.anyline.examples.ocr.ScanVehicleIdentificationNumberActivity"
281-->src/main/AndroidManifest.xml:271:13-72
282            android:label="@string/vin"
282-->src/main/AndroidManifest.xml:272:13-40
283            android:parentActivityName="io.anyline.examples.MainActivity" >
283-->src/main/AndroidManifest.xml:273:13-55
284            <meta-data
284-->src/main/AndroidManifest.xml:78:13-80:68
285                android:name="android.support.PARENT_ACTIVITY"
285-->src/main/AndroidManifest.xml:79:17-63
286                android:value="io.anyline.examples.MainActivity" />
286-->src/main/AndroidManifest.xml:80:17-65
287        </activity>
288        <activity
288-->src/main/AndroidManifest.xml:278:9-286:20
289            android:name="io.anyline.examples.ocr.ScanCowtagActivity"
289-->src/main/AndroidManifest.xml:279:13-51
290            android:label="@string/title_cowtag"
290-->src/main/AndroidManifest.xml:280:13-49
291            android:parentActivityName="io.anyline.examples.MainActivity"
291-->src/main/AndroidManifest.xml:281:13-55
292            android:screenOrientation="portrait" >
292-->src/main/AndroidManifest.xml:282:13-49
293            <meta-data
293-->src/main/AndroidManifest.xml:78:13-80:68
294                android:name="android.support.PARENT_ACTIVITY"
294-->src/main/AndroidManifest.xml:79:17-63
295                android:value="io.anyline.examples.MainActivity" />
295-->src/main/AndroidManifest.xml:80:17-65
296        </activity>
297        <activity
297-->src/main/AndroidManifest.xml:287:9-296:20
298            android:name="io.anyline.examples.scanviewresult.ScanViewResultActivity"
298-->src/main/AndroidManifest.xml:288:13-66
299            android:label="Result Data"
299-->src/main/AndroidManifest.xml:289:13-40
300            android:parentActivityName="io.anyline.examples.MainActivity"
300-->src/main/AndroidManifest.xml:290:13-55
301            android:screenOrientation="portrait"
301-->src/main/AndroidManifest.xml:291:13-49
302            android:theme="@style/AppTheme.DarkActionBar" >
302-->src/main/AndroidManifest.xml:292:13-58
303            <meta-data
303-->src/main/AndroidManifest.xml:78:13-80:68
304                android:name="android.support.PARENT_ACTIVITY"
304-->src/main/AndroidManifest.xml:79:17-63
305                android:value="io.anyline.examples.MainActivity" />
305-->src/main/AndroidManifest.xml:80:17-65
306        </activity>
307        <activity
307-->src/main/AndroidManifest.xml:297:9-306:20
308            android:name="io.anyline.examples.ocr.apis.AnagramActivity"
308-->src/main/AndroidManifest.xml:298:13-53
309            android:label="@string/title_scrabble_result"
309-->src/main/AndroidManifest.xml:299:13-58
310            android:parentActivityName="io.anyline.examples.ocr.ScanScrabbleActivity"
310-->src/main/AndroidManifest.xml:300:13-67
311            android:screenOrientation="portrait"
311-->src/main/AndroidManifest.xml:301:13-49
312            android:theme="@style/AppTheme.DarkActionBar" >
312-->src/main/AndroidManifest.xml:302:13-58
313            <meta-data
313-->src/main/AndroidManifest.xml:78:13-80:68
314                android:name="android.support.PARENT_ACTIVITY"
314-->src/main/AndroidManifest.xml:79:17-63
315                android:value=".ocr.ScanScrabbleActivity" />
315-->src/main/AndroidManifest.xml:80:17-65
316        </activity>
317        <activity
317-->src/main/AndroidManifest.xml:307:9-316:20
318            android:name="io.anyline.examples.ocr.apis.IsbnActivity"
318-->src/main/AndroidManifest.xml:308:13-50
319            android:label="@string/title_isbn_result"
319-->src/main/AndroidManifest.xml:309:13-54
320            android:parentActivityName="io.anyline.examples.ocr.ScanIsbnActivity"
320-->src/main/AndroidManifest.xml:310:13-63